<?xml version="1.0" encoding="UTF-8"?>
<coverage generated="1626721195026" clover="3.2.0">
  <project timestamp="1626721195026" name="All files">
    <metrics statements="13" coveredstatements="9" conditionals="2" coveredconditionals="2" methods="2" coveredmethods="2" elements="17" coveredelements="13" complexity="0" loc="13" ncloc="13" packages="2" files="2" classes="2"/>
    <package name="addAccount">
      <metrics statements="4" coveredstatements="0" conditionals="0" coveredconditionals="0" methods="0" coveredmethods="0"/>
      <file name="db-add-account-protocols.ts" path="C:\Users\luan.rocha\Desktop\cursoudemy\clean-node-api\src\data\usecases\addAccount\db-add-account-protocols.ts">
        <metrics statements="4" coveredstatements="0" conditionals="0" coveredconditionals="0" methods="0" coveredmethods="0"/>
        <line num="1" count="0" type="stmt"/>
        <line num="2" count="0" type="stmt"/>
        <line num="3" count="0" type="stmt"/>
        <line num="4" count="0" type="stmt"/>
      </file>
    </package>
    <package name="authentication">
      <metrics statements="9" coveredstatements="9" conditionals="2" coveredconditionals="2" methods="2" coveredmethods="2"/>
      <file name="db-authentication.ts" path="C:\Users\luan.rocha\Desktop\cursoudemy\clean-node-api\src\data\usecases\authentication\db-authentication.ts">
        <metrics statements="9" coveredstatements="9" conditionals="2" coveredconditionals="2" methods="2" coveredmethods="2"/>
        <line num="6" count="1" type="stmt"/>
        <line num="12" count="8" type="stmt"/>
        <line num="13" count="8" type="stmt"/>
        <line num="14" count="8" type="stmt"/>
        <line num="18" count="8" type="stmt"/>
        <line num="19" count="7" type="cond" truecount="2" falsecount="0"/>
        <line num="20" count="6" type="stmt"/>
        <line num="21" count="5" type="stmt"/>
        <line num="23" count="5" type="stmt"/>
      </file>
    </package>
  </project>
</coverage>
