{"C:\\Users\\luan.rocha\\Desktop\\cursoudemy\\clean-node-api\\src\\data\\usecases\\addAccount\\db-add-account-protocols.ts": {"path":"C:\\Users\\luan.rocha\\Desktop\\cursoudemy\\clean-node-api\\src\\data\\usecases\\addAccount\\db-add-account-protocols.ts","statementMap":{"0":{"start":{"line":1,"column":0},"end":{"line":1,"column":46}},"1":{"start":{"line":2,"column":0},"end":{"line":2,"column":52}},"2":{"start":{"line":3,"column":0},"end":{"line":3,"column":54}},"3":{"start":{"line":4,"column":0},"end":{"line":4,"column":57}}},"fnMap":{},"branchMap":{},"s":{"0":0,"1":0,"2":0,"3":0},"f":{},"b":{}}
,"C:\\Users\\luan.rocha\\Desktop\\cursoudemy\\clean-node-api\\src\\data\\usecases\\authentication\\db-authentication.ts": {"path":"C:\\Users\\luan.rocha\\Desktop\\cursoudemy\\clean-node-api\\src\\data\\usecases\\authentication\\db-authentication.ts","statementMap":{"0":{"start":{"line":17,"column":8},"end":{"line":17,"column":null}},"1":{"start":{"line":18,"column":8},"end":{"line":18,"column":null}},"2":{"start":{"line":19,"column":8},"end":{"line":19,"column":null}},"3":{"start":{"line":20,"column":8},"end":{"line":20,"column":null}},"4":{"start":{"line":24,"column":24},"end":{"line":24,"column":90}},"5":{"start":{"line":25,"column":8},"end":{"line":32,"column":null}},"6":{"start":{"line":26,"column":28},"end":{"line":26,"column":102}},"7":{"start":{"line":27,"column":12},"end":{"line":31,"column":null}},"8":{"start":{"line":28,"column":32},"end":{"line":28,"column":78}},"9":{"start":{"line":29,"column":12},"end":{"line":29,"column":null}},"10":{"start":{"line":30,"column":12},"end":{"line":30,"column":null}},"11":{"start":{"line":33,"column":8},"end":{"line":33,"column":null}},"12":{"start":{"line":7,"column":0},"end":{"line":7,"column":13}}},"fnMap":{"0":{"name":"(anonymous_0)","decl":{"start":{"line":13,"column":4},"end":{"line":13,"column":null}},"loc":{"start":{"line":16,"column":64},"end":{"line":21,"column":5}}},"1":{"name":"(anonymous_1)","decl":{"start":{"line":23,"column":4},"end":{"line":23,"column":9}},"loc":{"start":{"line":23,"column":51},"end":{"line":34,"column":5}}}},"branchMap":{"0":{"loc":{"start":{"line":25,"column":8},"end":{"line":32,"column":null}},"type":"if","locations":[{"start":{"line":25,"column":8},"end":{"line":32,"column":null}},{"start":{"line":25,"column":8},"end":{"line":32,"column":null}}]},"1":{"loc":{"start":{"line":27,"column":12},"end":{"line":31,"column":null}},"type":"if","locations":[{"start":{"line":27,"column":12},"end":{"line":31,"column":null}},{"start":{"line":27,"column":12},"end":{"line":31,"column":null}}]}},"s":{"0":10,"1":10,"2":10,"3":10,"4":10,"5":9,"6":8,"7":7,"8":6,"9":5,"10":5,"11":2,"12":1},"f":{"0":10,"1":10},"b":{"0":[8,1],"1":[6,1]}}
,"C:\\Users\\luan.rocha\\Desktop\\cursoudemy\\clean-node-api\\src\\infra\\db\\mongodb\\log-repository\\log.ts": {"path":"C:\\Users\\luan.rocha\\Desktop\\cursoudemy\\clean-node-api\\src\\infra\\db\\mongodb\\log-repository\\log.ts","statementMap":{"0":{"start":{"line":2,"column":0},"end":{"line":2,"column":54}},"1":{"start":{"line":6,"column":32},"end":{"line":6,"column":73}},"2":{"start":{"line":7,"column":8},"end":{"line":10,"column":null}},"3":{"start":{"line":4,"column":0},"end":{"line":4,"column":13}}},"fnMap":{"0":{"name":"(anonymous_0)","decl":{"start":{"line":5,"column":4},"end":{"line":5,"column":9}},"loc":{"start":{"line":5,"column":33},"end":{"line":11,"column":5}}}},"branchMap":{},"s":{"0":1,"1":1,"2":1,"3":1},"f":{"0":1},"b":{}}
,"C:\\Users\\luan.rocha\\Desktop\\cursoudemy\\clean-node-api\\src\\presentation\\helpers\\http\\http-helper.ts": {"path":"C:\\Users\\luan.rocha\\Desktop\\cursoudemy\\clean-node-api\\src\\presentation\\helpers\\http\\http-helper.ts","statementMap":{"0":{"start":{"line":1,"column":0},"end":{"line":1,"column":55}},"1":{"start":{"line":3,"column":0},"end":{"line":3,"column":67}},"2":{"start":{"line":5,"column":26},"end":{"line":8,"column":7}},"3":{"start":{"line":5,"column":59},"end":{"line":8,"column":7}},"4":{"start":{"line":5,"column":13},"end":{"line":5,"column":26}},"5":{"start":{"line":10,"column":28},"end":{"line":13,"column":2}},"6":{"start":{"line":10,"column":49},"end":{"line":13,"column":2}},"7":{"start":{"line":10,"column":13},"end":{"line":10,"column":28}},"8":{"start":{"line":15,"column":27},"end":{"line":18,"column":2}},"9":{"start":{"line":15,"column":60},"end":{"line":18,"column":2}},"10":{"start":{"line":15,"column":13},"end":{"line":15,"column":27}},"11":{"start":{"line":20,"column":18},"end":{"line":23,"column":2}},"12":{"start":{"line":20,"column":48},"end":{"line":23,"column":2}},"13":{"start":{"line":20,"column":13},"end":{"line":20,"column":18}}},"fnMap":{"0":{"name":"(anonymous_0)","decl":{"start":{"line":5,"column":26},"end":{"line":5,"column":27}},"loc":{"start":{"line":5,"column":59},"end":{"line":8,"column":7}}},"1":{"name":"(anonymous_1)","decl":{"start":{"line":10,"column":28},"end":{"line":10,"column":45}},"loc":{"start":{"line":10,"column":49},"end":{"line":13,"column":2}}},"2":{"name":"(anonymous_2)","decl":{"start":{"line":15,"column":27},"end":{"line":15,"column":28}},"loc":{"start":{"line":15,"column":60},"end":{"line":18,"column":2}}},"3":{"name":"(anonymous_3)","decl":{"start":{"line":20,"column":18},"end":{"line":20,"column":19}},"loc":{"start":{"line":20,"column":48},"end":{"line":23,"column":2}}}},"branchMap":{},"s":{"0":1,"1":1,"2":1,"3":0,"4":1,"5":1,"6":0,"7":1,"8":1,"9":1,"10":1,"11":1,"12":3,"13":1},"f":{"0":0,"1":0,"2":1,"3":3},"b":{}}
,"C:\\Users\\luan.rocha\\Desktop\\cursoudemy\\clean-node-api\\src\\presentation\\protocols\\index.ts": {"path":"C:\\Users\\luan.rocha\\Desktop\\cursoudemy\\clean-node-api\\src\\presentation\\protocols\\index.ts","statementMap":{"0":{"start":{"line":1,"column":0},"end":{"line":1,"column":28}},"1":{"start":{"line":2,"column":0},"end":{"line":2,"column":22}}},"fnMap":{},"branchMap":{},"s":{"0":0,"1":0},"f":{},"b":{}}
}
