{"C:\\Users\\luan.rocha\\Desktop\\cursoudemy\\clean-node-api\\src\\infra\\db\\mongodb\\helpers\\mongo-helper.ts": {"path":"C:\\Users\\luan.rocha\\Desktop\\cursoudemy\\clean-node-api\\src\\infra\\db\\mongodb\\helpers\\mongo-helper.ts","statementMap":{"0":{"start":{"line":1,"column":0},"end":{"line":1,"column":50}},"1":{"start":{"line":3,"column":13},"end":{"line":24,"column":null}},"2":{"start":{"line":7,"column":8},"end":{"line":10,"column":null}},"3":{"start":{"line":14,"column":8},"end":{"line":14,"column":null}},"4":{"start":{"line":17,"column":8},"end":{"line":17,"column":null}},"5":{"start":{"line":21,"column":48},"end":{"line":21,"column":58}},"6":{"start":{"line":22,"column":8},"end":{"line":22,"column":null}}},"fnMap":{"0":{"name":"(anonymous_0)","decl":{"start":{"line":6,"column":4},"end":{"line":6,"column":9}},"loc":{"start":{"line":6,"column":30},"end":{"line":11,"column":5}}},"1":{"name":"(anonymous_1)","decl":{"start":{"line":13,"column":4},"end":{"line":13,"column":9}},"loc":{"start":{"line":13,"column":20},"end":{"line":15,"column":5}}},"2":{"name":"(anonymous_2)","decl":{"start":{"line":16,"column":1},"end":{"line":16,"column":14}},"loc":{"start":{"line":16,"column":28},"end":{"line":18,"column":5}}},"3":{"name":"(anonymous_3)","decl":{"start":{"line":20,"column":9},"end":{"line":20,"column":10}},"loc":{"start":{"line":20,"column":34},"end":{"line":23,"column":5}}}},"branchMap":{},"s":{"0":1,"1":1,"2":1,"3":1,"4":1,"5":0,"6":0},"f":{"0":1,"1":1,"2":1,"3":0},"b":{}}
,"C:\\Users\\luan.rocha\\Desktop\\cursoudemy\\clean-node-api\\src\\main\\server.ts": {"path":"C:\\Users\\luan.rocha\\Desktop\\cursoudemy\\clean-node-api\\src\\main\\server.ts","statementMap":{"0":{"start":{"line":1,"column":0},"end":{"line":1,"column":68}},"1":{"start":{"line":2,"column":0},"end":{"line":2,"column":30}},"2":{"start":{"line":4,"column":0},"end":{"line":9,"column":null}},"3":{"start":{"line":6,"column":20},"end":{"line":6,"column":59}},"4":{"start":{"line":6,"column":21},"end":{"line":6,"column":50}},"5":{"start":{"line":7,"column":8},"end":{"line":7,"column":null}},"6":{"start":{"line":7,"column":31},"end":{"line":7,"column":92}}},"fnMap":{"0":{"name":"(anonymous_7)","decl":{"start":{"line":5,"column":10},"end":{"line":5,"column":15}},"loc":{"start":{"line":5,"column":21},"end":{"line":8,"column":5}}},"1":{"name":"(anonymous_8)","decl":{"start":{"line":6,"column":21},"end":{"line":6,"column":35}},"loc":{"start":{"line":6,"column":21},"end":{"line":6,"column":50}}},"2":{"name":"(anonymous_9)","decl":{"start":{"line":7,"column":25},"end":{"line":7,"column":28}},"loc":{"start":{"line":7,"column":31},"end":{"line":7,"column":92}}}},"branchMap":{},"s":{"0":0,"1":0,"2":0,"3":0,"4":0,"5":0,"6":0},"f":{"0":0,"1":0,"2":0},"b":{}}
,"C:\\Users\\luan.rocha\\Desktop\\cursoudemy\\clean-node-api\\src\\main\\config\\env.ts": {"path":"C:\\Users\\luan.rocha\\Desktop\\cursoudemy\\clean-node-api\\src\\main\\config\\env.ts","statementMap":{"0":{"start":{"line":1,"column":0},"end":{"line":4,"column":null}}},"fnMap":{},"branchMap":{"0":{"loc":{"start":{"line":2,"column":14},"end":{"line":2,"column":35}},"type":"binary-expr","locations":[{"start":{"line":2,"column":14},"end":{"line":2,"column":35}},{"start":{"line":2,"column":39},"end":{"line":2,"column":82}}]},"1":{"loc":{"start":{"line":3,"column":10},"end":{"line":3,"column":26}},"type":"binary-expr","locations":[{"start":{"line":3,"column":10},"end":{"line":3,"column":26}},{"start":{"line":3,"column":30},"end":{"line":3,"column":34}}]}},"s":{"0":0},"f":{},"b":{"0":[0,0],"1":[0,0]}}
}
