TN:
SF:src\data\usecases\addAccount\db-add-account-protocols.ts
FNF:0
FNH:0
DA:1,0
DA:2,0
DA:3,0
DA:4,0
LF:4
LH:0
BRF:0
BRH:0
end_of_record
TN:
SF:src\data\usecases\addAccount\db-add-account.ts
FN:7,(anonymous_0)
FN:14,(anonymous_1)
FNF:2
FNH:2
FNDA:9,(anonymous_0)
FNDA:6,(anonymous_1)
DA:6,5
DA:7,9
DA:8,9
DA:10,9
DA:11,9
DA:15,6
DA:16,5
DA:17,4
LF:8
LH:8
BRF:0
BRH:0
end_of_record
TN:
SF:src\data\usecases\authentication\db-authentication-protocols.ts
FNF:0
FNH:0
DA:1,0
DA:2,0
DA:3,0
DA:4,0
DA:5,0
DA:6,0
LF:6
LH:0
BRF:0
BRH:0
end_of_record
TN:
SF:src\data\usecases\authentication\db-authentication.ts
FN:4,(anonymous_0)
FN:16,(anonymous_1)
FNF:2
FNH:2
FNDA:15,(anonymous_0)
FNDA:12,(anonymous_1)
DA:3,5
DA:5,15
DA:6,15
DA:7,15
DA:8,15
DA:10,15
DA:11,15
DA:12,15
DA:13,15
DA:17,12
DA:18,11
DA:19,10
DA:20,9
DA:21,7
DA:22,6
DA:23,5
DA:26,3
LF:17
LH:17
BRDA:18,0,0,10
BRDA:18,0,1,1
BRDA:20,1,0,7
BRDA:20,1,1,2
BRF:4
BRH:4
end_of_record
TN:
SF:src\infra\criptography\bcrypt-adapter\bcrypt-adapter.ts
FN:6,(anonymous_1)
FN:9,(anonymous_2)
FN:14,(anonymous_3)
FNF:3
FNH:3
FNDA:15,(anonymous_1)
FNDA:4,(anonymous_2)
FNDA:5,(anonymous_3)
DA:1,5
DA:5,5
DA:6,15
DA:7,15
DA:10,4
DA:11,3
DA:15,5
DA:16,4
LF:8
LH:8
BRF:0
BRH:0
end_of_record
TN:
SF:src\infra\criptography\jwt-adapter\jwt-adapter.ts
FN:5,(anonymous_1)
FN:8,(anonymous_2)
FNF:2
FNH:2
FNDA:7,(anonymous_1)
FNDA:3,(anonymous_2)
DA:2,5
DA:4,5
DA:5,7
DA:6,7
DA:9,3
DA:10,2
LF:6
LH:6
BRF:0
BRH:0
end_of_record
TN:
SF:src\infra\db\mongodb\account\account-mongo-repository.ts
FN:9,(anonymous_0)
FN:15,(anonymous_1)
FN:21,(anonymous_2)
FNF:3
FNH:3
FNDA:2,(anonymous_0)
FNDA:3,(anonymous_1)
FNDA:1,(anonymous_2)
DA:4,5
DA:8,5
DA:10,2
DA:11,2
DA:12,2
DA:16,3
DA:17,3
DA:18,3
DA:22,1
DA:23,1
LF:10
LH:10
BRDA:18,0,0,3
BRDA:18,0,1,2
BRF:2
BRH:2
end_of_record
TN:
SF:src\infra\db\mongodb\helpers\mongo-helper.ts
FN:7,(anonymous_0)
FN:15,(anonymous_1)
FN:19,(anonymous_2)
FN:26,(anonymous_3)
FNF:4
FNH:4
FNDA:5,(anonymous_0)
FNDA:5,(anonymous_1)
FNDA:16,(anonymous_2)
FNDA:4,(anonymous_3)
DA:1,7
DA:3,7
DA:8,5
DA:9,5
DA:16,5
DA:17,5
DA:20,16
DA:21,1
DA:23,16
DA:27,4
DA:28,4
LF:11
LH:11
BRDA:20,0,0,1
BRDA:20,0,1,15
BRDA:20,1,0,1
BRDA:20,1,1,15
BRDA:20,2,0,16
BRDA:20,2,1,15
BRF:6
BRH:6
end_of_record
TN:
SF:src\infra\db\mongodb\log-repository\log-mongo-repository.ts
FN:5,(anonymous_0)
FNF:1
FNH:1
FNDA:1,(anonymous_0)
DA:2,5
DA:4,5
DA:6,1
DA:7,1
LF:4
LH:4
BRF:0
BRH:0
end_of_record
TN:
SF:src\presentation\controllers\login\login-controller-protocols.ts
FNF:0
FNH:0
DA:1,0
DA:2,0
DA:3,0
LF:3
LH:0
BRF:0
BRH:0
end_of_record
TN:
SF:src\presentation\controllers\login\login-controller.ts
FN:6,(anonymous_0)
FN:13,(anonymous_1)
FNF:2
FNH:2
FNDA:10,(anonymous_0)
FNDA:7,(anonymous_1)
DA:1,5
DA:5,5
DA:7,10
DA:8,10
DA:9,10
DA:10,10
DA:14,7
DA:15,7
DA:16,7
DA:17,1
DA:19,6
DA:20,6
DA:24,5
DA:25,2
DA:27,3
DA:29,1
LF:16
LH:16
BRDA:16,0,0,1
BRDA:16,0,1,6
BRDA:24,1,0,2
BRDA:24,1,1,3
BRF:4
BRH:4
end_of_record
TN:
SF:src\presentation\controllers\signup\signup-controller-protocols.ts
FNF:0
FNH:0
DA:1,0
DA:2,0
DA:3,0
DA:4,0
DA:5,0
LF:5
LH:0
BRF:0
BRH:0
end_of_record
TN:
SF:src\presentation\controllers\signup\signup-controller.ts
FN:8,(anonymous_0)
FN:15,(anonymous_1)
FNF:2
FNH:2
FNDA:9,(anonymous_0)
FNDA:6,(anonymous_1)
DA:2,5
DA:4,5
DA:7,5
DA:9,9
DA:10,9
DA:11,9
DA:12,9
DA:16,6
DA:17,6
DA:18,6
DA:19,1
DA:21,5
DA:22,5
DA:27,4
DA:29,1
LF:15
LH:15
BRDA:18,0,0,1
BRDA:18,0,1,5
BRF:2
BRH:2
end_of_record
TN:
SF:src\presentation\errors\invalid-params-error.ts
FN:2,(anonymous_0)
FNF:1
FNH:1
FNDA:4,(anonymous_0)
DA:1,8
DA:2,4
DA:3,4
DA:4,4
LF:4
LH:4
BRF:0
BRH:0
end_of_record
TN:
SF:src\presentation\errors\missing-params-error.ts
FN:2,(anonymous_0)
FNF:1
FNH:1
FNDA:9,(anonymous_0)
DA:1,10
DA:3,9
DA:4,9
LF:3
LH:3
BRF:0
BRH:0
end_of_record
TN:
SF:src\presentation\errors\server-error.ts
FN:2,(anonymous_0)
FNF:1
FNH:1
FNDA:6,(anonymous_0)
DA:1,7
DA:3,6
DA:4,6
DA:5,6
LF:4
LH:4
BRF:0
BRH:0
end_of_record
TN:
SF:src\presentation\errors\unauthorized-error.ts
FN:2,(anonymous_0)
FNF:1
FNH:1
FNDA:3,(anonymous_0)
DA:1,7
DA:3,3
DA:4,3
LF:3
LH:3
BRF:0
BRH:0
end_of_record
TN:
SF:src\presentation\helpers\http\http-helper.ts
FN:5,(anonymous_0)
FN:10,(anonymous_1)
FN:15,(anonymous_2)
FN:20,(anonymous_3)
FNF:4
FNH:4
FNDA:4,(anonymous_0)
FNDA:3,(anonymous_1)
FNDA:5,(anonymous_2)
FNDA:12,(anonymous_3)
DA:1,7
DA:3,7
DA:5,7
DA:10,7
DA:15,7
DA:20,12
LF:6
LH:6
BRF:0
BRH:0
end_of_record
TN:
SF:src\presentation\helpers\validators\compare-fields-validation.ts
FN:5,(anonymous_0)
FN:11,(anonymous_1)
FNF:2
FNH:2
FNDA:8,(anonymous_0)
FNDA:3,(anonymous_1)
DA:1,7
DA:4,7
DA:6,8
DA:7,8
DA:8,8
DA:9,8
DA:12,3
DA:13,1
LF:8
LH:8
BRDA:12,0,0,1
BRDA:12,0,1,2
BRF:2
BRH:2
end_of_record
TN:
SF:src\presentation\helpers\validators\email-validation.ts
FN:6,(anonymous_0)
FN:12,(anonymous_1)
FNF:2
FNH:2
FNDA:15,(anonymous_0)
FNDA:5,(anonymous_1)
DA:3,7
DA:5,7
DA:7,15
DA:8,15
DA:9,15
DA:10,15
DA:13,5
DA:14,4
DA:15,1
LF:9
LH:9
BRDA:14,0,0,1
BRDA:14,0,1,3
BRF:2
BRH:2
end_of_record
TN:
SF:src\presentation\helpers\validators\index.ts
FNF:0
FNH:0
DA:1,6
DA:2,6
DA:3,6
DA:4,6
LF:4
LH:4
BRF:0
BRH:0
end_of_record
TN:
SF:src\presentation\helpers\validators\required-field-validation.ts
FN:5,(anonymous_0)
FN:8,(anonymous_1)
FNF:2
FNH:2
FNDA:38,(anonymous_0)
FNDA:8,(anonymous_1)
DA:1,7
DA:4,7
DA:5,38
DA:6,38
DA:9,8
DA:10,1
LF:6
LH:6
BRDA:9,0,0,1
BRDA:9,0,1,7
BRF:2
BRH:2
end_of_record
TN:
SF:src\presentation\helpers\validators\validation-composite.ts
FN:4,(anonymous_0)
FN:7,(anonymous_1)
FNF:2
FNH:2
FNDA:11,(anonymous_0)
FNDA:5,(anonymous_1)
DA:3,7
DA:4,11
DA:5,11
DA:8,5
DA:9,13
DA:10,13
DA:11,2
LF:7
LH:7
BRDA:10,0,0,2
BRDA:10,0,1,11
BRF:2
BRH:2
end_of_record
TN:
SF:src\presentation\protocols\index.ts
FNF:0
FNH:0
DA:1,0
DA:2,0
LF:2
LH:0
BRF:0
BRH:0
end_of_record
